<?xml version="1.0" encoding="UTF-8"?>
<testsuite xmlns:xsi="http://www.w3.org/2001/XMLSchema-instance" xsi:noNamespaceSchemaLocation="https://maven.apache.org/surefire/maven-surefire-plugin/xsd/surefire-test-report.xsd" name="com.troycardozo.myPlugin.AppTest" time="0.033" tests="1" errors="0" skipped="0" failures="0">
  <properties>
    <property name="sun.desktop" value="windows"/>
    <property name="awt.toolkit" value="sun.awt.windows.WToolkit"/>
    <property name="file.encoding.pkg" value="sun.io"/>
    <property name="java.specification.version" value="1.8"/>
    <property name="sun.cpu.isalist" value="amd64"/>
    <property name="sun.jnu.encoding" value="Cp1252"/>
    <property name="java.class.path" value="d:\Minecraft Modding\Workspace\My Plugin\ore_regen\target\test-classes;d:\Minecraft Modding\Workspace\My Plugin\ore_regen\target\classes;C:\Users\tcard\.m2\repository\junit\junit\4.11\junit-4.11.jar;C:\Users\tcard\.m2\repository\org\hamcrest\hamcrest-core\1.3\hamcrest-core-1.3.jar;C:\Users\tcard\.m2\repository\org\spigotmc\spigot-api\1.14.4-R0.1-SNAPSHOT\spigot-api-1.14.4-R0.1-SNAPSHOT.jar;C:\Users\tcard\.m2\repository\commons-lang\commons-lang\2.6\commons-lang-2.6.jar;C:\Users\tcard\.m2\repository\com\google\guava\guava\21.0\guava-21.0.jar;C:\Users\tcard\.m2\repository\com\google\code\gson\gson\2.8.0\gson-2.8.0.jar;C:\Users\tcard\.m2\repository\net\md-5\bungeecord-chat\1.13-SNAPSHOT\bungeecord-chat-1.13-SNAPSHOT.jar;C:\Users\tcard\.m2\repository\org\yaml\snakeyaml\1.23\snakeyaml-1.23.jar;"/>
    <property name="java.vm.vendor" value=""/>
    <property name="sun.arch.data.model" value="64"/>
    <property name="user.variant" value=""/>
    <property name="java.vendor.url" value="http://java.oracle.com/"/>
    <property name="user.timezone" value="Australia/Sydney"/>
    <property name="java.vm.specification.version" value="1.8"/>
    <property name="os.name" value="Windows 10"/>
    <property name="user.country" value="AU"/>
    <property name="sun.java.launcher" value="SUN_STANDARD"/>
    <property name="sun.boot.library.path" value="C:\Program Files\Java\java-1.8.0-openjdk\jre\bin"/>
    <property name="sun.java.command" value="C:\Users\tcard\AppData\Local\Temp\surefire3187822595053561403\surefirebooter7832645679011202630.jar C:\Users\tcard\AppData\Local\Temp\surefire3187822595053561403 2019-09-13T19-54-48_677-jvmRun1 surefire4467413846891001720tmp surefire_04807031588072971697tmp"/>
    <property name="surefire.test.class.path" value="d:\Minecraft Modding\Workspace\My Plugin\ore_regen\target\test-classes;d:\Minecraft Modding\Workspace\My Plugin\ore_regen\target\classes;C:\Users\tcard\.m2\repository\junit\junit\4.11\junit-4.11.jar;C:\Users\tcard\.m2\repository\org\hamcrest\hamcrest-core\1.3\hamcrest-core-1.3.jar;C:\Users\tcard\.m2\repository\org\spigotmc\spigot-api\1.14.4-R0.1-SNAPSHOT\spigot-api-1.14.4-R0.1-SNAPSHOT.jar;C:\Users\tcard\.m2\repository\commons-lang\commons-lang\2.6\commons-lang-2.6.jar;C:\Users\tcard\.m2\repository\com\google\guava\guava\21.0\guava-21.0.jar;C:\Users\tcard\.m2\repository\com\google\code\gson\gson\2.8.0\gson-2.8.0.jar;C:\Users\tcard\.m2\repository\net\md-5\bungeecord-chat\1.13-SNAPSHOT\bungeecord-chat-1.13-SNAPSHOT.jar;C:\Users\tcard\.m2\repository\org\yaml\snakeyaml\1.23\snakeyaml-1.23.jar;"/>
    <property name="sun.cpu.endian" value="little"/>
    <property name="user.home" value="C:\Users\tcard"/>
    <property name="user.language" value="en"/>
    <property name="java.specification.vendor" value="Oracle Corporation"/>
    <property name="java.home" value="C:\Program Files\Java\java-1.8.0-openjdk\jre"/>
    <property name="basedir" value="d:\Minecraft Modding\Workspace\My Plugin\ore_regen"/>
    <property name="file.separator" value="\"/>
    <property name="line.separator" value="&#10;"/>
    <property name="java.vm.specification.vendor" value="Oracle Corporation"/>
    <property name="java.specification.name" value="Java Platform API Specification"/>
    <property name="java.awt.graphicsenv" value="sun.awt.Win32GraphicsEnvironment"/>
    <property name="surefire.real.class.path" value="C:\Users\tcard\AppData\Local\Temp\surefire3187822595053561403\surefirebooter7832645679011202630.jar"/>
    <property name="sun.boot.class.path" value="C:\Program Files\Java\java-1.8.0-openjdk\jre\lib\resources.jar;C:\Program Files\Java\java-1.8.0-openjdk\jre\lib\rt.jar;C:\Program Files\Java\java-1.8.0-openjdk\jre\lib\sunrsasign.jar;C:\Program Files\Java\java-1.8.0-openjdk\jre\lib\jsse.jar;C:\Program Files\Java\java-1.8.0-openjdk\jre\lib\jce.jar;C:\Program Files\Java\java-1.8.0-openjdk\jre\lib\charsets.jar;C:\Program Files\Java\java-1.8.0-openjdk\jre\lib\jfr.jar;C:\Program Files\Java\java-1.8.0-openjdk\jre\classes"/>
    <property name="user.script" value=""/>
    <property name="sun.management.compiler" value="HotSpot 64-Bit Tiered Compilers"/>
    <property name="java.runtime.version" value="1.8.0_222-4-redhat-b10"/>
    <property name="user.name" value="tcard"/>
    <property name="path.separator" value=";"/>
    <property name="os.version" value="10.0"/>
    <property name="java.endorsed.dirs" value="C:\Program Files\Java\java-1.8.0-openjdk\jre\lib\endorsed"/>
    <property name="java.runtime.name" value="OpenJDK Runtime Environment"/>
    <property name="file.encoding" value="Cp1252"/>
    <property name="java.vm.name" value="OpenJDK 64-Bit Server VM"/>
    <property name="localRepository" value="C:\Users\tcard\.m2\repository"/>
    <property name="java.vendor.url.bug" value="http://bugreport.sun.com/bugreport/"/>
    <property name="java.io.tmpdir" value="C:\Users\tcard\AppData\Local\Temp\"/>
    <property name="java.version" value="1.8.0_222-4-redhat"/>
    <property name="user.dir" value="d:\Minecraft Modding\Workspace\My Plugin\ore_regen"/>
    <property name="os.arch" value="amd64"/>
    <property name="java.vm.specification.name" value="Java Virtual Machine Specification"/>
    <property name="java.awt.printerjob" value="sun.awt.windows.WPrinterJob"/>
    <property name="sun.os.patch.level" value=""/>
    <property name="java.library.path" value="C:\Program Files\Java\java-1.8.0-openjdk\jre\bin;C:\WINDOWS\Sun\Java\bin;C:\WINDOWS\system32;C:\WINDOWS;C:\Program Files\Git\mingw64\bin;C:\Program Files\Git\usr\bin;C:\Users\tcard\bin;C:\Program Files (x86)\Common Files\Oracle\Java\javapath;C:\Windows\system32;C:\Windows;C:\Windows\System32\Wbem;C:\Windows\System32\WindowsPowerShell\v1.0;C:\Program Files\Intel\WiFi\bin;C:\Program Files\Common Files\Intel\WirelessCommon;C:\Program Files (x86)\NVIDIA Corporation\PhysX\Common;C:\Program Files\nodejs;C:\Program Files\Microsoft VS Code\bin;C:\WINDOWS\system32;C:\WINDOWS;C:\WINDOWS\System32\Wbem;C:\WINDOWS\System32\WindowsPowerShell\v1.0;C:\WINDOWS\System32\OpenSSH;C:\Program Files\Git\cmd;C:\Users\tcard\AppData\Local\Microsoft\WindowsApps;C:\Users\tcard\AppData\Roaming\npm;C:\Users\tcard\AppData\Local\Programs\Microsoft VS Code\bin;C:\Program Files\Java\java-1.8.0-openjdk\bin;D:\Minecraft Modding\apache-maven\bin;."/>
    <property name="java.vm.info" value="mixed mode"/>
    <property name="java.vendor" value="Oracle Corporation"/>
    <property name="java.vm.version" value="25.222-b10"/>
    <property name="java.ext.dirs" value="C:\Program Files\Java\java-1.8.0-openjdk\jre\lib\ext;C:\WINDOWS\Sun\Java\lib\ext"/>
    <property name="sun.io.unicode.encoding" value="UnicodeLittle"/>
    <property name="java.class.version" value="52.0"/>
  </properties>
  <testcase name="shouldAnswerWithTrue" classname="com.troycardozo.myPlugin.AppTest" time="0.003"/>
</testsuite>